<?xml version="1.0" encoding="UTF-8"?>
<testng-results skipped="0" failed="0" ignored="0" total="1" passed="1">
  <reporter-output>
  </reporter-output>
  <suite name="Default suite" duration-ms="12787" started-at="2021-11-16T13:03:15 IST" finished-at="2021-11-16T13:03:28 IST">
    <groups>
      <group name="cucumber">
        <method signature="AbstractTestNGCucumberTests.runScenario(io.cucumber.testng.PickleWrapper, io.cucumber.testng.FeatureWrapper)[pri:0, instance:runners.RerunRunner@2bbf4b8b]" name="runScenario" class="io.cucumber.testng.AbstractTestNGCucumberTests"/>
      </group> <!-- cucumber -->
    </groups>
    <test name="Default test" duration-ms="12787" started-at="2021-11-16T13:03:15 IST" finished-at="2021-11-16T13:03:28 IST">
      <class name="runners.RerunRunner">
        <test-method status="PASS" signature="setUpClass()[pri:0, instance:runners.RerunRunner@2bbf4b8b]" name="setUpClass" is-config="true" duration-ms="463" started-at="2021-11-16T13:03:15 IST" finished-at="2021-11-16T13:03:16 IST">
          <reporter-output>
          </reporter-output>
        </test-method> <!-- setUpClass -->
        <test-method status="PASS" signature="runScenario(io.cucumber.testng.PickleWrapper, io.cucumber.testng.FeatureWrapper)[pri:0, instance:runners.RerunRunner@2bbf4b8b]" name="runScenario" duration-ms="10973" started-at="2021-11-16T13:03:16 IST" description="Runs Cucumber Scenarios" data-provider="scenarios" finished-at="2021-11-16T13:03:27 IST">
          <params>
            <param index="0">
              <value>
                <![CDATA["Search Cypress"]]>
              </value>
            </param>
            <param index="1">
              <value>
                <![CDATA["Optional[Google Search Function]"]]>
              </value>
            </param>
          </params>
          <reporter-output>
          </reporter-output>
        </test-method> <!-- runScenario -->
        <test-method status="PASS" signature="tearDownClass()[pri:0, instance:runners.RerunRunner@2bbf4b8b]" name="tearDownClass" is-config="true" duration-ms="1314" started-at="2021-11-16T13:03:27 IST" finished-at="2021-11-16T13:03:28 IST">
          <reporter-output>
          </reporter-output>
        </test-method> <!-- tearDownClass -->
      </class> <!-- runners.RerunRunner -->
    </test> <!-- Default test -->
  </suite> <!-- Default suite -->
</testng-results>
